TN:
SF:C:\Users\Larissa.Koehne\source\repos\AITGmbH\tapiodeveloperapp\src\web\src\polyfills.ts
FNF:0
FNH:0
LF:0
LH:0
BRF:0
BRH:0
end_of_record
TN:
SF:C:\Users\Larissa.Koehne\source\repos\AITGmbH\tapiodeveloperapp\src\web\src\test.ts
FNF:0
FNH:0
DA:13,1
DA:18,1
DA:20,1
LF:3
LH:3
BRF:0
BRH:0
end_of_record
TN:
SF:C:\Users\Larissa.Koehne\source\repos\AITGmbH\tapiodeveloperapp\src\web\src\app\app.component.ts
FN:3,AppComponent
FNF:1
FNH:1
FNDA:6,AppComponent
DA:8,1
DA:9,6
DA:10,1
LF:3
LH:3
BRF:0
BRH:0
end_of_record
TN:
SF:C:\Users\Larissa.Koehne\source\repos\AITGmbH\tapiodeveloperapp\src\web\src\app\scenario-historicaldata\scenario-historicaldata.component.ts
FN:19,ScenarioHistoricaldataComponent
FN:25,(anonymous_2)
FN:28,(anonymous_3)
FN:32,(anonymous_4)
FN:40,(anonymous_5)
FN:45,(anonymous_6)
FN:49,(anonymous_7)
FNF:7
FNH:2
FNDA:1,ScenarioHistoricaldataComponent
FNDA:1,(anonymous_2)
FNDA:0,(anonymous_3)
FNDA:0,(anonymous_4)
FNDA:0,(anonymous_5)
FNDA:0,(anonymous_6)
FNDA:0,(anonymous_7)
DA:12,1
DA:15,1
DA:16,1
DA:17,1
DA:19,1
DA:20,1
DA:21,1
DA:22,1
DA:25,1
DA:26,1
DA:27,1
DA:29,0
DA:30,0
DA:33,0
DA:34,0
DA:35,0
DA:40,1
DA:41,0
DA:42,0
DA:43,0
DA:44,0
DA:46,0
DA:47,0
DA:50,0
DA:51,0
DA:52,0
DA:56,1
LF:27
LH:13
BRF:0
BRH:0
end_of_record
TN:
SF:C:\Users\Larissa.Koehne\source\repos\AITGmbH\tapiodeveloperapp\src\web\src\app\scenario-historicaldata\scenario-historicaldata.service.ts
FN:14,HistoricalDataService
FN:16,(anonymous_2)
FN:21,(anonymous_3)
FN:25,(anonymous_4)
FN:28,(anonymous_5)
FNF:5
FNH:2
FNDA:2,HistoricalDataService
FNDA:0,(anonymous_2)
FNDA:2,(anonymous_3)
FNDA:0,(anonymous_4)
FNDA:0,(anonymous_5)
DA:13,1
DA:14,2
DA:16,1
DA:17,0
DA:21,1
DA:22,2
DA:26,0
DA:28,0
DA:34,1
LF:9
LH:6
BRF:0
BRH:0
end_of_record
TN:
SF:C:\Users\Larissa.Koehne\source\repos\AITGmbH\tapiodeveloperapp\src\web\src\app\scenario-historicconditions\scenario-historicconditions.component.ts
FN:19,ScenarioHistoricconditionsComponent
FN:33,(anonymous_2)
FN:36,(anonymous_3)
FN:39,(anonymous_4)
FN:43,(anonymous_5)
FN:50,(anonymous_6)
FN:60,(anonymous_7)
FN:62,(anonymous_8)
FN:64,(anonymous_9)
FN:74,(anonymous_10)
FN:79,(anonymous_11)
FN:80,(anonymous_12)
FN:103,(anonymous_13)
FN:108,(anonymous_14)
FN:118,(anonymous_15)
FN:150,(anonymous_16)
FN:158,(anonymous_17)
FNF:17
FNH:0
FNDA:0,ScenarioHistoricconditionsComponent
FNDA:0,(anonymous_2)
FNDA:0,(anonymous_3)
FNDA:0,(anonymous_4)
FNDA:0,(anonymous_5)
FNDA:0,(anonymous_6)
FNDA:0,(anonymous_7)
FNDA:0,(anonymous_8)
FNDA:0,(anonymous_9)
FNDA:0,(anonymous_10)
FNDA:0,(anonymous_11)
FNDA:0,(anonymous_12)
FNDA:0,(anonymous_13)
FNDA:0,(anonymous_14)
FNDA:0,(anonymous_15)
FNDA:0,(anonymous_16)
FNDA:0,(anonymous_17)
DA:18,1
DA:20,0
DA:21,0
DA:24,0
DA:29,0
DA:30,0
DA:31,0
DA:32,0
DA:33,1
DA:34,0
DA:37,0
DA:40,0
DA:41,0
DA:44,0
DA:51,0
DA:55,0
DA:56,0
DA:61,0
DA:63,0
DA:65,0
DA:76,0
DA:80,0
DA:82,0
DA:87,0
DA:98,0
DA:104,0
DA:105,0
DA:106,0
DA:109,0
DA:110,0
DA:111,0
DA:118,1
DA:119,0
DA:121,0
DA:147,0
DA:150,1
DA:151,0
DA:158,1
DA:159,0
DA:165,1
LF:40
LH:6
BRDA:37,0,0,0
BRDA:37,0,1,0
BRDA:37,0,2,0
BRDA:37,0,3,0
BRDA:81,1,0,0
BRDA:81,1,1,0
BRDA:121,2,0,0
BRDA:121,2,1,0
BRDA:121,2,2,0
BRDA:121,2,3,0
BRF:10
BRH:0
end_of_record
TN:
SF:C:\Users\Larissa.Koehne\source\repos\AITGmbH\tapiodeveloperapp\src\web\src\app\scenario-historicconditions\scenario-historicconditions.service.ts
FN:11,HistoricconditionsService
FN:13,(anonymous_2)
FN:22,(anonymous_3)
FN:29,(anonymous_4)
FN:34,(anonymous_6)
FN:38,(anonymous_8)
FN:45,(anonymous_10)
FN:61,(anonymous_12)
FNF:8
FNH:5
FNDA:0,HistoricconditionsService
FNDA:0,(anonymous_2)
FNDA:0,(anonymous_3)
FNDA:1,(anonymous_4)
FNDA:1,(anonymous_6)
FNDA:1,(anonymous_8)
FNDA:1,(anonymous_10)
FNDA:1,(anonymous_12)
DA:10,1
DA:11,0
DA:13,1
DA:17,0
DA:22,0
DA:24,1
DA:29,1
DA:32,1
DA:34,1
DA:36,1
DA:38,1
DA:43,1
DA:45,1
DA:59,1
DA:61,1
DA:78,1
LF:16
LH:13
BRF:0
BRH:0
end_of_record
TN:
SF:C:\Users\Larissa.Koehne\source\repos\AITGmbH\tapiodeveloperapp\src\web\src\app\scenario-machineoverview\scenario-machineoverview.component.ts
FN:15,ScenarioMachineoverviewComponent
FN:17,(anonymous_2)
FN:18,(anonymous_3)
FN:20,(anonymous_4)
FNF:4
FNH:2
FNDA:1,ScenarioMachineoverviewComponent
FNDA:1,(anonymous_2)
FNDA:0,(anonymous_3)
FNDA:0,(anonymous_4)
DA:11,1
DA:13,1
DA:15,1
DA:17,1
DA:18,1
DA:19,0
DA:21,0
DA:22,0
DA:25,1
LF:9
LH:6
BRF:0
BRH:0
end_of_record
TN:
SF:C:\Users\Larissa.Koehne\source\repos\AITGmbH\tapiodeveloperapp\src\web\src\app\scenario-machineoverview\scenario-machineoverview.service.ts
FN:13,MachineOverviewService
FN:15,(anonymous_2)
FN:16,(anonymous_3)
FNF:3
FNH:2
FNDA:1,MachineOverviewService
FNDA:1,(anonymous_2)
FNDA:0,(anonymous_3)
DA:12,1
DA:13,1
DA:15,1
DA:16,1
DA:18,1
LF:5
LH:5
BRF:0
BRH:0
end_of_record
TN:
SF:C:\Users\Larissa.Koehne\source\repos\AITGmbH\tapiodeveloperapp\src\web\src\app\scenario-machinestate\scenario-machinestate-service.ts
FN:12,MachineStateService
FN:14,(anonymous_2)
FN:15,(anonymous_3)
FN:16,(anonymous_4)
FN:20,(anonymous_5)
FNF:5
FNH:0
FNDA:0,MachineStateService
FNDA:0,(anonymous_2)
FNDA:0,(anonymous_3)
FNDA:0,(anonymous_4)
FNDA:0,(anonymous_5)
DA:10,1
DA:12,0
DA:14,1
DA:15,0
DA:16,0
DA:20,1
DA:21,0
DA:23,1
LF:8
LH:4
BRF:0
BRH:0
end_of_record
TN:
SF:C:\Users\Larissa.Koehne\source\repos\AITGmbH\tapiodeveloperapp\src\web\src\app\scenario-machinestate\scenario-machinestate.component.ts
FN:14,ScenarioMachinestateComponent
FN:20,(anonymous_2)
FN:24,(anonymous_3)
FNF:3
FNH:2
FNDA:1,ScenarioMachinestateComponent
FNDA:1,(anonymous_2)
FNDA:0,(anonymous_3)
DA:11,1
DA:14,1
DA:16,1
DA:20,1
DA:21,1
DA:24,1
DA:25,0
DA:28,0
DA:30,1
LF:9
LH:7
BRF:0
BRH:0
end_of_record
TN:
SF:C:\Users\Larissa.Koehne\source\repos\AITGmbH\tapiodeveloperapp\src\web\src\app\scenario-machinestate\detail\detail.component.ts
FN:21,DetailComponent
FN:23,(anonymous_2)
FN:26,(anonymous_3)
FN:31,(anonymous_4)
FN:32,(anonymous_5)
FN:38,(anonymous_6)
FNF:6
FNH:4
FNDA:1,DetailComponent
FNDA:1,(anonymous_2)
FNDA:1,(anonymous_3)
FNDA:1,(anonymous_4)
FNDA:0,(anonymous_5)
FNDA:0,(anonymous_6)
DA:12,1
DA:16,1
DA:18,1
DA:19,1
DA:21,1
DA:23,1
DA:24,1
DA:26,1
DA:27,1
DA:28,1
DA:31,1
DA:32,1
DA:33,0
DA:34,0
DA:35,0
DA:36,0
DA:37,0
DA:39,0
DA:40,0
DA:41,0
DA:42,0
DA:46,1
LF:22
LH:13
BRF:0
BRH:0
end_of_record
TN:
SF:C:\Users\Larissa.Koehne\source\repos\AITGmbH\tapiodeveloperapp\src\web\src\app\scenario-navigation\scenario-navigation.component.ts
FN:17,ScenarioNavigationComponent
FN:19,(anonymous_2)
FN:20,(anonymous_3)
FNF:3
FNH:3
FNDA:1,ScenarioNavigationComponent
FNDA:1,(anonymous_2)
FNDA:1,(anonymous_3)
DA:14,1
DA:17,1
DA:19,1
DA:20,1
DA:21,1
DA:24,1
LF:6
LH:6
BRF:0
BRH:0
end_of_record
TN:
SF:C:\Users\Larissa.Koehne\source\repos\AITGmbH\tapiodeveloperapp\src\web\src\app\scenario-navigation\scenario-navigation.service.ts
FN:12,ScenarioNavigationService
FN:14,(anonymous_2)
FNF:2
FNH:0
FNDA:0,ScenarioNavigationService
FNDA:0,(anonymous_2)
DA:10,1
DA:12,0
DA:14,1
DA:15,0
DA:17,1
LF:5
LH:3
BRF:0
BRH:0
end_of_record
TN:
SF:C:\Users\Larissa.Koehne\source\repos\AITGmbH\tapiodeveloperapp\src\web\src\app\scenario-sample\scenario-sample.component.ts
FN:16,ScenarioSampleComponent
FN:18,(anonymous_2)
FN:19,(anonymous_3)
FNF:3
FNH:2
FNDA:1,ScenarioSampleComponent
FNDA:1,(anonymous_2)
FNDA:0,(anonymous_3)
DA:13,1
DA:16,1
DA:18,1
DA:19,1
DA:20,0
DA:23,1
LF:6
LH:5
BRF:0
BRH:0
end_of_record
TN:
SF:C:\Users\Larissa.Koehne\source\repos\AITGmbH\tapiodeveloperapp\src\web\src\app\scenario-sample\scenario-sample.service.ts
FN:11,HelloWorldService
FN:13,(anonymous_2)
FNF:2
FNH:2
FNDA:1,HelloWorldService
FNDA:1,(anonymous_2)
DA:9,1
DA:11,1
DA:13,1
DA:14,1
DA:16,1
LF:5
LH:5
BRF:0
BRH:0
end_of_record
TN:
SF:C:\Users\Larissa.Koehne\source\repos\AITGmbH\tapiodeveloperapp\src\web\src\app\shared\shared.module.ts
FN:25,SharedModule
FNF:1
FNH:1
FNDA:11,SharedModule
DA:20,1
DA:31,1
DA:32,11
DA:33,1
LF:4
LH:4
BRF:0
BRH:0
end_of_record
TN:
SF:C:\Users\Larissa.Koehne\source\repos\AITGmbH\tapiodeveloperapp\src\web\src\app\shared\components\date-range\date-range.component.ts
FN:5,DateRangeComponent
FN:16,(anonymous_2)
FN:20,(anonymous_3)
FN:29,(anonymous_4)
FN:39,(anonymous_5)
FNF:5
FNH:0
FNDA:0,DateRangeComponent
FNDA:0,(anonymous_2)
FNDA:0,(anonymous_3)
FNDA:0,(anonymous_4)
FNDA:0,(anonymous_5)
DA:11,1
DA:13,1
DA:17,0
DA:21,0
DA:24,0
DA:29,1
DA:32,0
DA:35,0
DA:37,0
DA:39,1
DA:41,0
DA:44,1
LF:12
LH:5
BRF:0
BRH:0
end_of_record
TN:
SF:C:\Users\Larissa.Koehne\source\repos\AITGmbH\tapiodeveloperapp\src\web\src\app\shared\components\loading\loading.component.ts
FN:8,LoadingComponent
FNF:1
FNH:1
FNDA:3,LoadingComponent
DA:8,1
LF:1
LH:1
BRF:0
BRH:0
end_of_record
TN:
SF:C:\Users\Larissa.Koehne\source\repos\AITGmbH\tapiodeveloperapp\src\web\src\app\shared\components\scenario\scenario-documentation-service.ts
FN:11,ScenarioDocumentationService
FN:13,(anonymous_2)
FNF:2
FNH:2
FNDA:5,ScenarioDocumentationService
FNDA:5,(anonymous_2)
DA:9,1
DA:11,5
DA:13,1
DA:14,5
DA:16,1
LF:5
LH:5
BRF:0
BRH:0
end_of_record
TN:
SF:C:\Users\Larissa.Koehne\source\repos\AITGmbH\tapiodeveloperapp\src\web\src\app\shared\components\scenario\scenario.component.ts
FN:53,ScenarioComponent
FN:57,(anonymous_2)
FN:60,(anonymous_3)
FN:84,(anonymous_4)
FN:88,(anonymous_5)
FNF:5
FNH:4
FNDA:5,ScenarioComponent
FNDA:5,(anonymous_2)
FNDA:0,(anonymous_3)
FNDA:10,(anonymous_4)
FNDA:10,(anonymous_5)
DA:13,1
DA:14,5
DA:17,1
DA:23,1
DA:29,1
DA:53,5
DA:54,5
DA:57,5
DA:58,5
DA:62,0
DA:63,0
DA:71,0
DA:79,0
DA:84,1
DA:85,10
DA:88,1
DA:89,10
DA:91,1
LF:18
LH:14
BRF:0
BRH:0
end_of_record
TN:
SF:C:\Users\Larissa.Koehne\source\repos\AITGmbH\tapiodeveloperapp\src\web\src\app\shared\components\select-machine\select-machine.component.ts
FN:17,SelectMachineComponent
FN:20,(anonymous_2)
FN:22,(anonymous_3)
FN:25,(anonymous_4)
FN:31,(anonymous_5)
FNF:5
FNH:2
FNDA:1,SelectMachineComponent
FNDA:1,(anonymous_2)
FNDA:0,(anonymous_3)
FNDA:0,(anonymous_4)
FNDA:0,(anonymous_5)
DA:12,1
DA:15,1
DA:17,1
DA:20,1
DA:21,1
DA:23,0
DA:26,0
DA:31,1
DA:33,0
DA:36,0
DA:38,0
DA:40,1
LF:12
LH:7
BRF:0
BRH:0
end_of_record
TN:
SF:C:\Users\Larissa.Koehne\source\repos\AITGmbH\tapiodeveloperapp\src\web\src\environments\version.ts
FNF:0
FNH:0
LF:0
LH:0
BRF:0
BRH:0
end_of_record
